[0921/131142.083:ERROR:process_reader_win.cc(123)] NtOpenThread: {Käyttö estetty} Prosessi pyysi objektin käyttöä, mutta käyttöoikeuksia ei ole myönnetty.  (0xc0000022)
[0921/131142.085:ERROR:exception_snapshot_win.cc(87)] thread ID 4072 not found in process
[0921/131142.085:WARNING:crash_report_exception_handler.cc(62)] ProcessSnapshotWin::Initialize failed
[0921/133838.415:ERROR:process_reader_win.cc(123)] NtOpenThread: {Käyttö estetty} Prosessi pyysi objektin käyttöä, mutta käyttöoikeuksia ei ole myönnetty.  (0xc0000022)
[0921/133838.416:ERROR:exception_snapshot_win.cc(87)] thread ID 8036 not found in process
[0921/133838.416:WARNING:crash_report_exception_handler.cc(62)] ProcessSnapshotWin::Initialize failed
<<<<<<< HEAD
[0925/121450.431:ERROR:process_reader_win.cc(123)] NtOpenThread: {Käyttö estetty} Prosessi pyysi objektin käyttöä, mutta käyttöoikeuksia ei ole myönnetty.  (0xc0000022)
[0925/121450.462:ERROR:exception_snapshot_win.cc(87)] thread ID 11776 not found in process
[0925/121450.462:WARNING:crash_report_exception_handler.cc(62)] ProcessSnapshotWin::Initialize failed
[0925/135939.734:ERROR:process_reader_win.cc(123)] NtOpenThread: {Käyttö estetty} Prosessi pyysi objektin käyttöä, mutta käyttöoikeuksia ei ole myönnetty.  (0xc0000022)
[0925/135939.746:ERROR:exception_snapshot_win.cc(87)] thread ID 7308 not found in process
[0925/135939.746:WARNING:crash_report_exception_handler.cc(62)] ProcessSnapshotWin::Initialize failed
[0925/153214.300:ERROR:process_reader_win.cc(123)] NtOpenThread: {Käyttö estetty} Prosessi pyysi objektin käyttöä, mutta käyttöoikeuksia ei ole myönnetty.  (0xc0000022)
[0925/153214.326:ERROR:exception_snapshot_win.cc(87)] thread ID 5960 not found in process
[0925/153214.326:WARNING:crash_report_exception_handler.cc(62)] ProcessSnapshotWin::Initialize failed
=======
[0927/122836.238:ERROR:process_reader_win.cc(123)] NtOpenThread: {Käyttö estetty} Prosessi pyysi objektin käyttöä, mutta käyttöoikeuksia ei ole myönnetty.  (0xc0000022)
[0927/122836.360:ERROR:exception_snapshot_win.cc(87)] thread ID 14396 not found in process
[0927/122836.360:WARNING:crash_report_exception_handler.cc(62)] ProcessSnapshotWin::Initialize failed
>>>>>>> develop2
[0928/111213.785:ERROR:process_reader_win.cc(123)] NtOpenThread: {Käyttö estetty} Prosessi pyysi objektin käyttöä, mutta käyttöoikeuksia ei ole myönnetty.  (0xc0000022)
[0928/111213.800:ERROR:exception_snapshot_win.cc(87)] thread ID 13840 not found in process
[0928/111213.800:WARNING:crash_report_exception_handler.cc(62)] ProcessSnapshotWin::Initialize failed
